<?xml version="1.0" encoding="UTF-8"?>
<testng-results skipped="0" failed="0" ignored="0" total="1" passed="1">
  <reporter-output>
  </reporter-output>
  <suite name="Default suite" duration-ms="15431" started-at="2021-05-19T16:13:42 IST" finished-at="2021-05-19T16:13:57 IST">
    <groups>
    </groups>
    <test name="Default test" duration-ms="15431" started-at="2021-05-19T16:13:42 IST" finished-at="2021-05-19T16:13:57 IST">
      <class name="com.qa.hs.Tests.LoginTest">
        <test-method status="PASS" signature="loginTest()[pri:0, instance:com.qa.hs.Tests.LoginTest@29b5cd00]" name="loginTest" duration-ms="15396" started-at="2021-05-19T16:13:42 IST" finished-at="2021-05-19T16:13:57 IST">
          <reporter-output>
          </reporter-output>
        </test-method> <!-- loginTest -->
      </class> <!-- com.qa.hs.Tests.LoginTest -->
    </test> <!-- Default test -->
  </suite> <!-- Default suite -->
</testng-results>
