<?xml version="1.0" encoding="UTF-8"?>
<testng-results skipped="0" failed="0" ignored="0" total="1" passed="1">
  <reporter-output>
  </reporter-output>
  <suite name="Default suite" duration-ms="73308" started-at="2021-05-24T13:02:16 IST" finished-at="2021-05-24T13:03:29 IST">
    <groups>
    </groups>
    <test name="Default test" duration-ms="73308" started-at="2021-05-24T13:02:16 IST" finished-at="2021-05-24T13:03:29 IST">
      <class name="com.qa.hs.Tests.LoginTest">
        <test-method status="PASS" signature="loginTest()[pri:0, instance:com.qa.hs.Tests.LoginTest@3578436e]" name="loginTest" duration-ms="73052" started-at="2021-05-24T13:02:16 IST" finished-at="2021-05-24T13:03:29 IST">
          <reporter-output>
          </reporter-output>
        </test-method> <!-- loginTest -->
      </class> <!-- com.qa.hs.Tests.LoginTest -->
    </test> <!-- Default test -->
  </suite> <!-- Default suite -->
</testng-results>
